app/build/intermediates/manifest_merge_blame_file/debug/processDebugMainManifest/manifest-merger-blame-debug-report.txt
1<?xml version="1.0" encoding="utf-8"?>
2<manifest xmlns:android="http://schemas.android.com/apk/res/android"
3    package="com.allinonemanager.android"
4    android:versionCode="1"
5    android:versionName="1.0" >
6
7    <uses-sdk
7-->INJECTED
8        android:minSdkVersion="26"
8-->INJECTED
9        android:targetSdkVersion="35" />
9-->INJECTED
10
11    <uses-permission android:name="android.permission.INTERNET" />
11-->src\main\AndroidManifest.xml:2:5-67
11-->src\main\AndroidManifest.xml:2:22-64
12    <uses-permission android:name="android.permission.POST_NOTIFICATIONS" />
12-->src\main\AndroidManifest.xml:3:5-77
12-->src\main\AndroidManifest.xml:3:22-74
13    <uses-permission android:name="android.permission.RECEIVE_BOOT_COMPLETED" />
13-->src\main\AndroidManifest.xml:4:5-81
13-->src\main\AndroidManifest.xml:4:22-78
14    <uses-permission android:name="android.permission.SCHEDULE_EXACT_ALARM" />
14-->src\main\AndroidManifest.xml:5:5-79
14-->src\main\AndroidManifest.xml:5:22-76
15
16    <application
16-->src\main\AndroidManifest.xml:7:5-40:19
17        android:allowBackup="true"
17-->src\main\AndroidManifest.xml:8:9-35
18        android:debuggable="true"
19        android:extractNativeLibs="false"
19-->INJECTED
20        android:icon="@drawable/ic_launcher"
20-->src\main\AndroidManifest.xml:9:9-45
21        android:label="@string/app_name"
21-->src\main\AndroidManifest.xml:10:9-41
22        android:localeConfig="@xml/locales_config"
22-->src\main\AndroidManifest.xml:11:9-51
23        android:roundIcon="@drawable/ic_launcher"
23-->src\main\AndroidManifest.xml:12:9-50
24        android:supportsRtl="true"
24-->src\main\AndroidManifest.xml:13:9-35
25        android:theme="@style/AppTheme" >
25-->src\main\AndroidManifest.xml:14:9-40
26        <activity
26-->src\main\AndroidManifest.xml:15:9-17:52
27            android:name="com.allinonemanager.android.SettingsActivity"
27-->src\main\AndroidManifest.xml:16:13-45
28            android:screenOrientation="portrait" />
28-->src\main\AndroidManifest.xml:17:13-49
29        <activity
29-->src\main\AndroidManifest.xml:19:9-27:20
30            android:name="com.allinonemanager.android.MainActivity"
30-->src\main\AndroidManifest.xml:20:13-41
31            android:exported="true"
31-->src\main\AndroidManifest.xml:21:13-36
32            android:screenOrientation="portrait" >
32-->src\main\AndroidManifest.xml:22:13-49
33            <intent-filter>
33-->src\main\AndroidManifest.xml:23:13-26:29
34                <action android:name="android.intent.action.MAIN" />
34-->src\main\AndroidManifest.xml:24:17-69
34-->src\main\AndroidManifest.xml:24:25-66
35
36                <category android:name="android.intent.category.LAUNCHER" />
36-->src\main\AndroidManifest.xml:25:17-77
36-->src\main\AndroidManifest.xml:25:27-74
37            </intent-filter>
38        </activity>
39
40        <receiver
40-->src\main\AndroidManifest.xml:29:9-31:40
41            android:name="com.allinonemanager.android.SessionReminderReceiver"
41-->src\main\AndroidManifest.xml:30:13-52
42            android:exported="false" />
42-->src\main\AndroidManifest.xml:31:13-37
43        <receiver
43-->src\main\AndroidManifest.xml:33:9-39:20
44            android:name="com.allinonemanager.android.BootReceiver"
44-->src\main\AndroidManifest.xml:34:13-41
45            android:exported="true" >
45-->src\main\AndroidManifest.xml:35:13-36
46            <intent-filter>
46-->src\main\AndroidManifest.xml:36:13-38:29
47                <action android:name="android.intent.action.BOOT_COMPLETED" />
47-->src\main\AndroidManifest.xml:37:17-79
47-->src\main\AndroidManifest.xml:37:25-76
48            </intent-filter>
49        </receiver>
50    </application>
51
52</manifest>